<?xml version="1.0" encoding="UTF-8"?>
<testsuite xmlns:xsi="http://www.w3.org/2001/XMLSchema-instance" xsi:noNamespaceSchemaLocation="https://maven.apache.org/surefire/maven-surefire-plugin/xsd/surefire-test-report-3.0.xsd" version="3.0" name="TestSuite" time="45.594" tests="3" errors="0" skipped="0" failures="2">
  <properties>
[...]
</properties>
  <testcase name="verifyHomePage" classname="MyTest.VerifyLandingPage" time="0.067">
    <system-out><![CDATA[2
d.saini012@gmail.com
Gaurav@007r
d.saini012@gmail.com
Gaurav@007r
Hello
ChromeDriver: chrome on WINDOWS (5c535f0cbf069f5dc887fcb08e7f51e8)
]]></system-out>
    <system-err><![CDATA[SLF4J: Failed to load class "org.slf4j.impl.StaticLoggerBinder".
SLF4J: Defaulting to no-operation (NOP) logger implementation
SLF4J: See http://www.slf4j.org/codes.html#StaticLoggerBinder for further details.
Starting ChromeDriver 89.0.4389.23 (61b08ee2c50024bab004e48d2b1b083cdbdac579-refs/branch-heads/4389@{#294}) on port 22413
Only local connections are allowed.
Please see https://chromedriver.chromium.org/security-considerations for suggestions on keeping ChromeDriver safe.
ChromeDriver was startSetda rstucicnegs sCfhurlolmye.Driver
 89.0.4389.23 (61b08ee2c50024bab004e48d2b1b083cdbdac579-refs/branch-heads/4389@{#294}) on port 48224
Only local connections are allowed.
Please see https://chromedriver.chromium.org/security-considerations for suggestions on keeping ChromeDriver safe.
ChromeDriver was started successfully.
[1620391194.880][WARNING]: This version of ChromeDriver has not been tested with Chrome version 90.
[1620391194.911][WARNING]: This version of ChromeDriver has not been tested with Chrome version 90.
May 07, 2021 6:09:55 PM org.openqa.selenium.remote.ProtocolHandshake createSession
INFO: Detected dialect: W3C
May 07, 2021 6:09:55 PM org.openqa.selenium.remote.ProtocolHandshake createSession
INFO: Detected dialect: W3C
]]></system-err>
  </testcase>
  <testcase name="verifyHomePageTitle[d.saini012@gmail.com, Gaurav@007r](1)" classname="MyTest.VerifyHomePage" time="15.162">
    <failure message="no such element: Unable to locate element: {&quot;method&quot;:&quot;xpath&quot;,&quot;selector&quot;:&quot;//img[@class=&apos;gravatar&apos;]&quot;}&#10;  (Session info: chrome=90.0.4430.93)&#10;For documentation on this error, please visit: https://selenium.dev/exceptions/#no_such_element&#10;Build info: version: &apos;4.0.0-alpha-6&apos;, revision: &apos;5f43a29cfc&apos;&#10;System info: host: &apos;NODLTP52034643&apos;, ip: &apos;192.168.100.2&apos;, os.name: &apos;Windows 10&apos;, os.arch: &apos;amd64&apos;, os.version: &apos;10.0&apos;, java.version: &apos;1.8.0_121&apos;&#10;Driver info: org.openqa.selenium.chrome.ChromeDriver&#10;Capabilities {acceptInsecureCerts: false, browserName: chrome, browserVersion: 90.0.4430.93, chrome: {chromedriverVersion: 89.0.4389.23 (61b08ee2c5002..., userDataDir: C:\Windows\TEMP\scoped_dir2...}, goog:chromeOptions: {debuggerAddress: localhost:3975}, javascriptEnabled: true, networkConnectionEnabled: false, pageLoadStrategy: normal, platform: WINDOWS, platformName: WINDOWS, proxy: Proxy(), setWindowRect: true, strictFileInteractability: false, timeouts: {implicit: 0, pageLoad: 300000, script: 30000}, unhandledPromptBehavior: dismiss and notify, webauthn:extension:largeBlob: true, webauthn:virtualAuthenticators: true}&#10;Session ID: ca9d72f2511854cd8c75c6d0d9ababd3&#10;*** Element info: {Using=xpath, value=//img[@class=&apos;gravatar&apos;]}" type="org.openqa.selenium.NoSuchElementException"><![CDATA[org.openqa.selenium.NoSuchElementException: 
no such element: Unable to locate element: {"method":"xpath","selector":"//img[@class='gravatar']"}
  (Session info: chrome=90.0.4430.93)
For documentation on this error, please visit: https://selenium.dev/exceptions/#no_such_element
Build info: version: '4.0.0-alpha-6', revision: '5f43a29cfc'
System info: host: 'NODLTP52034643', ip: '192.168.100.2', os.name: 'Windows 10', os.arch: 'amd64', os.version: '10.0', java.version: '1.8.0_121'
Driver info: org.openqa.selenium.chrome.ChromeDriver
Capabilities {acceptInsecureCerts: false, browserName: chrome, browserVersion: 90.0.4430.93, chrome: {chromedriverVersion: 89.0.4389.23 (61b08ee2c5002..., userDataDir: C:\Windows\TEMP\scoped_dir2...}, goog:chromeOptions: {debuggerAddress: localhost:3975}, javascriptEnabled: true, networkConnectionEnabled: false, pageLoadStrategy: normal, platform: WINDOWS, platformName: WINDOWS, proxy: Proxy(), setWindowRect: true, strictFileInteractability: false, timeouts: {implicit: 0, pageLoad: 300000, script: 30000}, unhandledPromptBehavior: dismiss and notify, webauthn:extension:largeBlob: true, webauthn:virtualAuthenticators: true}
Session ID: ca9d72f2511854cd8c75c6d0d9ababd3
*** Element info: {Using=xpath, value=//img[@class='gravatar']}
	at MyTest.VerifyHomePage.verifyHomePageTitle(VerifyHomePage.java:41)
]]></failure>
    <system-out><![CDATA[
]]></system-out>
  </testcase>
  <testcase name="verifyHomePageTitle[d.saini012@gmail.com, Gaurav@007r](2)" classname="MyTest.VerifyHomePage" time="13.543">
    <failure message="no such element: Unable to locate element: {&quot;method&quot;:&quot;xpath&quot;,&quot;selector&quot;:&quot;//img[@class=&apos;gravatar&apos;]&quot;}&#10;  (Session info: chrome=90.0.4430.93)&#10;For documentation on this error, please visit: https://selenium.dev/exceptions/#no_such_element&#10;Build info: version: &apos;4.0.0-alpha-6&apos;, revision: &apos;5f43a29cfc&apos;&#10;System info: host: &apos;NODLTP52034643&apos;, ip: &apos;192.168.100.2&apos;, os.name: &apos;Windows 10&apos;, os.arch: &apos;amd64&apos;, os.version: &apos;10.0&apos;, java.version: &apos;1.8.0_121&apos;&#10;Driver info: org.openqa.selenium.chrome.ChromeDriver&#10;Capabilities {acceptInsecureCerts: false, browserName: chrome, browserVersion: 90.0.4430.93, chrome: {chromedriverVersion: 89.0.4389.23 (61b08ee2c5002..., userDataDir: C:\Windows\TEMP\scoped_dir5...}, goog:chromeOptions: {debuggerAddress: localhost:4117}, javascriptEnabled: true, networkConnectionEnabled: false, pageLoadStrategy: normal, platform: WINDOWS, platformName: WINDOWS, proxy: Proxy(), setWindowRect: true, strictFileInteractability: false, timeouts: {implicit: 0, pageLoad: 300000, script: 30000}, unhandledPromptBehavior: dismiss and notify, webauthn:extension:largeBlob: true, webauthn:virtualAuthenticators: true}&#10;Session ID: 84494d3d0e586316f135b52400eb9c69&#10;*** Element info: {Using=xpath, value=//img[@class=&apos;gravatar&apos;]}" type="org.openqa.selenium.NoSuchElementException"><![CDATA[org.openqa.selenium.NoSuchElementException: 
no such element: Unable to locate element: {"method":"xpath","selector":"//img[@class='gravatar']"}
  (Session info: chrome=90.0.4430.93)
For documentation on this error, please visit: https://selenium.dev/exceptions/#no_such_element
Build info: version: '4.0.0-alpha-6', revision: '5f43a29cfc'
System info: host: 'NODLTP52034643', ip: '192.168.100.2', os.name: 'Windows 10', os.arch: 'amd64', os.version: '10.0', java.version: '1.8.0_121'
Driver info: org.openqa.selenium.chrome.ChromeDriver
Capabilities {acceptInsecureCerts: false, browserName: chrome, browserVersion: 90.0.4430.93, chrome: {chromedriverVersion: 89.0.4389.23 (61b08ee2c5002..., userDataDir: C:\Windows\TEMP\scoped_dir5...}, goog:chromeOptions: {debuggerAddress: localhost:4117}, javascriptEnabled: true, networkConnectionEnabled: false, pageLoadStrategy: normal, platform: WINDOWS, platformName: WINDOWS, proxy: Proxy(), setWindowRect: true, strictFileInteractability: false, timeouts: {implicit: 0, pageLoad: 300000, script: 30000}, unhandledPromptBehavior: dismiss and notify, webauthn:extension:largeBlob: true, webauthn:virtualAuthenticators: true}
Session ID: 84494d3d0e586316f135b52400eb9c69
*** Element info: {Using=xpath, value=//img[@class='gravatar']}
	at MyTest.VerifyHomePage.verifyHomePageTitle(VerifyHomePage.java:41)
]]></failure>
    <system-err><![CDATA[Starting ChromeDriver 89.0.4389.23 (61b08ee2c50024bab004e48d2b1b083cdbdac579-refs/branch-heads/4389@{#294}) on port 24712
Only local connections are allowed.
Please see https://chromedriver.chromium.org/security-considerations for suggestions on keeping ChromeDriver safe.
ChromeDriver was started successfully.
[1620391217.892][WARNING]: This version of ChromeDriver has not been tested with Chrome version 90.
May 07, 2021 6:10:17 PM org.openqa.selenium.remote.ProtocolHandshake createSession
INFO: Detected dialect: W3C
]]></system-err>
  </testcase>
</testsuite>